2022-06-30 20:05:43,559 [main] INFO  [com.cyong.CyongBlog] - Starting CyongBlog using Java 1.8.0_281 on DESKTOP-0DKFFPP with PID 1456 (E:\LabProject\CyongBlog\controller\target\classes started by 18074 in E:\LabProject\CyongBlog\controller)
2022-06-30 20:05:43,646 [main] INFO  [com.cyong.CyongBlog] - No active profile set, falling back to default profiles: default
2022-06-30 20:05:45,092 [main] INFO  [org.springframework.data.repository.config.RepositoryConfigurationDelegate] - Multiple Spring Data modules found, entering strict repository configuration mode!
2022-06-30 20:05:45,099 [main] INFO  [org.springframework.data.repository.config.RepositoryConfigurationDelegate] - Bootstrapping Spring Data Redis repositories in DEFAULT mode.
2022-06-30 20:05:45,158 [main] INFO  [org.springframework.data.repository.config.RepositoryConfigurationDelegate] - Finished Spring Data repository scanning in 22 ms. Found 0 Redis repository interfaces.
2022-06-30 20:05:45,957 [main] INFO  [org.springframework.boot.web.embedded.tomcat.TomcatWebServer] - Tomcat initialized with port(s): 8888 (http)
2022-06-30 20:05:45,970 [main] INFO  [org.apache.coyote.http11.Http11NioProtocol] - Initializing ProtocolHandler ["http-nio-8888"]
2022-06-30 20:05:45,970 [main] INFO  [org.apache.catalina.core.StandardService] - Starting service [Tomcat]
2022-06-30 20:05:45,971 [main] INFO  [org.apache.catalina.core.StandardEngine] - Starting Servlet engine: [Apache Tomcat/9.0.53]
2022-06-30 20:05:46,120 [main] INFO  [org.apache.catalina.core.ContainerBase.[Tomcat].[localhost].[/]] - Initializing Spring embedded WebApplicationContext
2022-06-30 20:05:46,121 [main] INFO  [org.springframework.boot.web.servlet.context.ServletWebServerApplicationContext] - Root WebApplicationContext: initialization completed in 2392 ms
2022-06-30 20:05:46,564 [main] ERROR [com.alibaba.druid.filter.FilterManager] - load filter error, filter not found : spring-boot-starter-log4j2
2022-06-30 20:05:47,888 [main] INFO  [org.apache.coyote.http11.Http11NioProtocol] - Starting ProtocolHandler ["http-nio-8888"]
2022-06-30 20:05:47,908 [main] INFO  [org.springframework.boot.web.embedded.tomcat.TomcatWebServer] - Tomcat started on port(s): 8888 (http) with context path ''
2022-06-30 20:05:47,918 [main] INFO  [com.cyong.CyongBlog] - Started CyongBlog in 5.374 seconds (JVM running for 9.238)
2022-06-30 20:06:51,440 [http-nio-8888-exec-1] INFO  [org.apache.catalina.core.ContainerBase.[Tomcat].[localhost].[/]] - Initializing Spring DispatcherServlet 'dispatcherServlet'
2022-06-30 20:06:51,441 [http-nio-8888-exec-1] INFO  [org.springframework.web.servlet.DispatcherServlet] - Initializing Servlet 'dispatcherServlet'
2022-06-30 20:06:51,446 [http-nio-8888-exec-1] INFO  [org.springframework.web.servlet.DispatcherServlet] - Completed initialization in 5 ms
2022-06-30 20:06:52,022 [http-nio-8888-exec-1] INFO  [com.alibaba.druid.pool.DruidDataSource] - {dataSource-1} inited
2022-06-30 20:12:00,102 [http-nio-8888-exec-1] WARN  [com.alibaba.druid.pool.DruidAbstractDataSource] - discard long time none received connection. , jdbcUrl : jdbc:mysql://localhost:3306/cyongblog?serverTimezone=Asia/Shanghai&useUnicode=true&characterEncoding=utf-8, version : 1.2.5, lastPacketReceivedIdleMillis : 115326
2022-06-30 20:12:00,112 [http-nio-8888-exec-1] WARN  [com.alibaba.druid.pool.DruidAbstractDataSource] - discard long time none received connection. , jdbcUrl : jdbc:mysql://localhost:3306/cyongblog?serverTimezone=Asia/Shanghai&useUnicode=true&characterEncoding=utf-8, version : 1.2.5, lastPacketReceivedIdleMillis : 308105
2022-06-30 20:12:00,113 [http-nio-8888-exec-1] WARN  [com.alibaba.druid.pool.DruidAbstractDataSource] - discard long time none received connection. , jdbcUrl : jdbc:mysql://localhost:3306/cyongblog?serverTimezone=Asia/Shanghai&useUnicode=true&characterEncoding=utf-8, version : 1.2.5, lastPacketReceivedIdleMillis : 308110
2022-06-30 20:12:00,114 [http-nio-8888-exec-1] WARN  [com.alibaba.druid.pool.DruidAbstractDataSource] - discard long time none received connection. , jdbcUrl : jdbc:mysql://localhost:3306/cyongblog?serverTimezone=Asia/Shanghai&useUnicode=true&characterEncoding=utf-8, version : 1.2.5, lastPacketReceivedIdleMillis : 308118
2022-06-30 20:12:00,115 [http-nio-8888-exec-1] WARN  [com.alibaba.druid.pool.DruidAbstractDataSource] - discard long time none received connection. , jdbcUrl : jdbc:mysql://localhost:3306/cyongblog?serverTimezone=Asia/Shanghai&useUnicode=true&characterEncoding=utf-8, version : 1.2.5, lastPacketReceivedIdleMillis : 308134
2022-06-30 20:17:33,068 [main] INFO  [com.cyong.CyongBlog] - Starting CyongBlog using Java 1.8.0_281 on DESKTOP-0DKFFPP with PID 3260 (E:\LabProject\CyongBlog\controller\target\classes started by 18074 in E:\LabProject\CyongBlog\controller)
2022-06-30 20:17:33,192 [main] INFO  [com.cyong.CyongBlog] - No active profile set, falling back to default profiles: default
2022-06-30 20:17:34,405 [main] INFO  [org.springframework.data.repository.config.RepositoryConfigurationDelegate] - Multiple Spring Data modules found, entering strict repository configuration mode!
2022-06-30 20:17:34,413 [main] INFO  [org.springframework.data.repository.config.RepositoryConfigurationDelegate] - Bootstrapping Spring Data Redis repositories in DEFAULT mode.
2022-06-30 20:17:34,458 [main] INFO  [org.springframework.data.repository.config.RepositoryConfigurationDelegate] - Finished Spring Data repository scanning in 17 ms. Found 0 Redis repository interfaces.
2022-06-30 20:17:35,714 [main] INFO  [org.springframework.boot.web.embedded.tomcat.TomcatWebServer] - Tomcat initialized with port(s): 8888 (http)
2022-06-30 20:17:35,727 [main] INFO  [org.apache.coyote.http11.Http11NioProtocol] - Initializing ProtocolHandler ["http-nio-8888"]
2022-06-30 20:17:35,727 [main] INFO  [org.apache.catalina.core.StandardService] - Starting service [Tomcat]
2022-06-30 20:17:35,728 [main] INFO  [org.apache.catalina.core.StandardEngine] - Starting Servlet engine: [Apache Tomcat/9.0.53]
2022-06-30 20:17:35,868 [main] INFO  [org.apache.catalina.core.ContainerBase.[Tomcat].[localhost].[/]] - Initializing Spring embedded WebApplicationContext
2022-06-30 20:17:35,868 [main] INFO  [org.springframework.boot.web.servlet.context.ServletWebServerApplicationContext] - Root WebApplicationContext: initialization completed in 2537 ms
2022-06-30 20:17:36,228 [main] ERROR [com.alibaba.druid.filter.FilterManager] - load filter error, filter not found : spring-boot-starter-log4j2
2022-06-30 20:17:37,580 [main] INFO  [org.apache.coyote.http11.Http11NioProtocol] - Starting ProtocolHandler ["http-nio-8888"]
2022-06-30 20:17:37,606 [main] INFO  [org.springframework.boot.web.embedded.tomcat.TomcatWebServer] - Tomcat started on port(s): 8888 (http) with context path ''
2022-06-30 20:17:37,620 [main] INFO  [com.cyong.CyongBlog] - Started CyongBlog in 6.028 seconds (JVM running for 10.463)
2022-06-30 20:17:39,039 [http-nio-8888-exec-1] INFO  [org.apache.catalina.core.ContainerBase.[Tomcat].[localhost].[/]] - Initializing Spring DispatcherServlet 'dispatcherServlet'
2022-06-30 20:17:39,040 [http-nio-8888-exec-1] INFO  [org.springframework.web.servlet.DispatcherServlet] - Initializing Servlet 'dispatcherServlet'
2022-06-30 20:17:39,042 [http-nio-8888-exec-1] INFO  [org.springframework.web.servlet.DispatcherServlet] - Completed initialization in 2 ms
2022-06-30 20:17:39,525 [http-nio-8888-exec-1] INFO  [com.alibaba.druid.pool.DruidDataSource] - {dataSource-1} inited
2022-06-30 20:24:29,298 [http-nio-8888-exec-2] WARN  [com.alibaba.druid.pool.DruidAbstractDataSource] - discard long time none received connection. , jdbcUrl : jdbc:mysql://localhost:3306/cyongblog?serverTimezone=Asia/Shanghai&useUnicode=true&characterEncoding=utf-8, version : 1.2.5, lastPacketReceivedIdleMillis : 220225
2022-06-30 20:24:29,301 [http-nio-8888-exec-2] WARN  [com.alibaba.druid.pool.DruidAbstractDataSource] - discard long time none received connection. , jdbcUrl : jdbc:mysql://localhost:3306/cyongblog?serverTimezone=Asia/Shanghai&useUnicode=true&characterEncoding=utf-8, version : 1.2.5, lastPacketReceivedIdleMillis : 409788
2022-06-30 20:24:29,302 [http-nio-8888-exec-2] WARN  [com.alibaba.druid.pool.DruidAbstractDataSource] - discard long time none received connection. , jdbcUrl : jdbc:mysql://localhost:3306/cyongblog?serverTimezone=Asia/Shanghai&useUnicode=true&characterEncoding=utf-8, version : 1.2.5, lastPacketReceivedIdleMillis : 409795
2022-06-30 20:24:29,304 [http-nio-8888-exec-2] WARN  [com.alibaba.druid.pool.DruidAbstractDataSource] - discard long time none received connection. , jdbcUrl : jdbc:mysql://localhost:3306/cyongblog?serverTimezone=Asia/Shanghai&useUnicode=true&characterEncoding=utf-8, version : 1.2.5, lastPacketReceivedIdleMillis : 409803
2022-06-30 20:24:29,306 [http-nio-8888-exec-2] WARN  [com.alibaba.druid.pool.DruidAbstractDataSource] - discard long time none received connection. , jdbcUrl : jdbc:mysql://localhost:3306/cyongblog?serverTimezone=Asia/Shanghai&useUnicode=true&characterEncoding=utf-8, version : 1.2.5, lastPacketReceivedIdleMillis : 409817
2022-06-30 20:40:30,998 [http-nio-8888-exec-4] WARN  [com.alibaba.druid.pool.DruidAbstractDataSource] - discard long time none received connection. , jdbcUrl : jdbc:mysql://localhost:3306/cyongblog?serverTimezone=Asia/Shanghai&useUnicode=true&characterEncoding=utf-8, version : 1.2.5, lastPacketReceivedIdleMillis : 941556
2022-06-30 20:44:49,243 [http-nio-8888-exec-3] WARN  [com.alibaba.druid.pool.DruidAbstractDataSource] - discard long time none received connection. , jdbcUrl : jdbc:mysql://localhost:3306/cyongblog?serverTimezone=Asia/Shanghai&useUnicode=true&characterEncoding=utf-8, version : 1.2.5, lastPacketReceivedIdleMillis : 245702
2022-06-30 21:46:22,384 [http-nio-8888-exec-8] WARN  [com.alibaba.druid.pool.DruidAbstractDataSource] - discard long time none received connection. , jdbcUrl : jdbc:mysql://localhost:3306/cyongblog?serverTimezone=Asia/Shanghai&useUnicode=true&characterEncoding=utf-8, version : 1.2.5, lastPacketReceivedIdleMillis : 3683777
2022-06-30 21:48:59,830 [http-nio-8888-exec-1] WARN  [com.alibaba.druid.pool.DruidAbstractDataSource] - discard long time none received connection. , jdbcUrl : jdbc:mysql://localhost:3306/cyongblog?serverTimezone=Asia/Shanghai&useUnicode=true&characterEncoding=utf-8, version : 1.2.5, lastPacketReceivedIdleMillis : 135501
2022-06-30 21:50:42,112 [http-nio-8888-exec-5] WARN  [com.alibaba.druid.pool.DruidAbstractDataSource] - discard long time none received connection. , jdbcUrl : jdbc:mysql://localhost:3306/cyongblog?serverTimezone=Asia/Shanghai&useUnicode=true&characterEncoding=utf-8, version : 1.2.5, lastPacketReceivedIdleMillis : 95195
2022-06-30 21:53:24,429 [http-nio-8888-exec-4] WARN  [com.alibaba.druid.pool.DruidAbstractDataSource] - discard long time none received connection. , jdbcUrl : jdbc:mysql://localhost:3306/cyongblog?serverTimezone=Asia/Shanghai&useUnicode=true&characterEncoding=utf-8, version : 1.2.5, lastPacketReceivedIdleMillis : 116117
2022-06-30 21:55:30,564 [http-nio-8888-exec-9] WARN  [com.alibaba.druid.pool.DruidAbstractDataSource] - discard long time none received connection. , jdbcUrl : jdbc:mysql://localhost:3306/cyongblog?serverTimezone=Asia/Shanghai&useUnicode=true&characterEncoding=utf-8, version : 1.2.5, lastPacketReceivedIdleMillis : 112511
2022-06-30 21:57:49,667 [http-nio-8888-exec-7] WARN  [com.alibaba.druid.pool.DruidAbstractDataSource] - discard long time none received connection. , jdbcUrl : jdbc:mysql://localhost:3306/cyongblog?serverTimezone=Asia/Shanghai&useUnicode=true&characterEncoding=utf-8, version : 1.2.5, lastPacketReceivedIdleMillis : 123915
2022-06-30 21:58:53,028 [http-nio-8888-exec-10] WARN  [com.alibaba.druid.pool.DruidAbstractDataSource] - discard long time none received connection. , jdbcUrl : jdbc:mysql://localhost:3306/cyongblog?serverTimezone=Asia/Shanghai&useUnicode=true&characterEncoding=utf-8, version : 1.2.5, lastPacketReceivedIdleMillis : 63241
2022-06-30 22:01:41,760 [http-nio-8888-exec-2] WARN  [com.alibaba.druid.pool.DruidAbstractDataSource] - discard long time none received connection. , jdbcUrl : jdbc:mysql://localhost:3306/cyongblog?serverTimezone=Asia/Shanghai&useUnicode=true&characterEncoding=utf-8, version : 1.2.5, lastPacketReceivedIdleMillis : 117949
2022-06-30 22:05:48,205 [http-nio-8888-exec-9] WARN  [com.alibaba.druid.pool.DruidAbstractDataSource] - discard long time none received connection. , jdbcUrl : jdbc:mysql://localhost:3306/cyongblog?serverTimezone=Asia/Shanghai&useUnicode=true&characterEncoding=utf-8, version : 1.2.5, lastPacketReceivedIdleMillis : 238546
2022-06-30 22:13:02,008 [main] INFO  [com.cyong.CyongBlog] - Starting CyongBlog using Java 1.8.0_281 on DESKTOP-0DKFFPP with PID 10496 (E:\LabProject\CyongBlog\controller\target\classes started by 18074 in E:\LabProject\CyongBlog\controller)
2022-06-30 22:13:02,026 [main] INFO  [com.cyong.CyongBlog] - No active profile set, falling back to default profiles: default
2022-06-30 22:13:03,071 [main] INFO  [org.springframework.data.repository.config.RepositoryConfigurationDelegate] - Multiple Spring Data modules found, entering strict repository configuration mode!
2022-06-30 22:13:03,075 [main] INFO  [org.springframework.data.repository.config.RepositoryConfigurationDelegate] - Bootstrapping Spring Data Redis repositories in DEFAULT mode.
2022-06-30 22:13:03,108 [main] INFO  [org.springframework.data.repository.config.RepositoryConfigurationDelegate] - Finished Spring Data repository scanning in 12 ms. Found 0 Redis repository interfaces.
2022-06-30 22:13:03,832 [main] INFO  [org.springframework.boot.web.embedded.tomcat.TomcatWebServer] - Tomcat initialized with port(s): 8888 (http)
2022-06-30 22:13:03,849 [main] INFO  [org.apache.coyote.http11.Http11NioProtocol] - Initializing ProtocolHandler ["http-nio-8888"]
2022-06-30 22:13:03,850 [main] INFO  [org.apache.catalina.core.StandardService] - Starting service [Tomcat]
2022-06-30 22:13:03,850 [main] INFO  [org.apache.catalina.core.StandardEngine] - Starting Servlet engine: [Apache Tomcat/9.0.53]
2022-06-30 22:13:03,987 [main] INFO  [org.apache.catalina.core.ContainerBase.[Tomcat].[localhost].[/]] - Initializing Spring embedded WebApplicationContext
2022-06-30 22:13:03,987 [main] INFO  [org.springframework.boot.web.servlet.context.ServletWebServerApplicationContext] - Root WebApplicationContext: initialization completed in 1821 ms
2022-06-30 22:13:04,352 [main] ERROR [com.alibaba.druid.filter.FilterManager] - load filter error, filter not found : spring-boot-starter-log4j2
2022-06-30 22:13:05,518 [main] INFO  [org.apache.coyote.http11.Http11NioProtocol] - Starting ProtocolHandler ["http-nio-8888"]
2022-06-30 22:13:05,542 [main] INFO  [org.springframework.boot.web.embedded.tomcat.TomcatWebServer] - Tomcat started on port(s): 8888 (http) with context path ''
2022-06-30 22:13:05,555 [main] INFO  [com.cyong.CyongBlog] - Started CyongBlog in 4.911 seconds (JVM running for 7.652)
2022-06-30 22:13:11,494 [http-nio-8888-exec-1] INFO  [org.apache.catalina.core.ContainerBase.[Tomcat].[localhost].[/]] - Initializing Spring DispatcherServlet 'dispatcherServlet'
2022-06-30 22:13:11,495 [http-nio-8888-exec-1] INFO  [org.springframework.web.servlet.DispatcherServlet] - Initializing Servlet 'dispatcherServlet'
2022-06-30 22:13:11,499 [http-nio-8888-exec-1] INFO  [org.springframework.web.servlet.DispatcherServlet] - Completed initialization in 4 ms
2022-06-30 22:13:11,976 [http-nio-8888-exec-1] INFO  [com.alibaba.druid.pool.DruidDataSource] - {dataSource-1} inited
2022-07-01 15:03:50,507 [main] INFO  [com.cyong.CyongBlog] - Starting CyongBlog using Java 1.8.0_281 on DESKTOP-0DKFFPP with PID 10528 (E:\LabProject\CyongBlog\controller\target\classes started by 18074 in E:\LabProject\CyongBlog\controller)
2022-07-01 15:03:50,570 [main] INFO  [com.cyong.CyongBlog] - No active profile set, falling back to default profiles: default
2022-07-01 15:03:51,916 [main] INFO  [org.springframework.data.repository.config.RepositoryConfigurationDelegate] - Multiple Spring Data modules found, entering strict repository configuration mode!
2022-07-01 15:03:51,916 [main] INFO  [org.springframework.data.repository.config.RepositoryConfigurationDelegate] - Bootstrapping Spring Data Redis repositories in DEFAULT mode.
2022-07-01 15:03:51,963 [main] INFO  [org.springframework.data.repository.config.RepositoryConfigurationDelegate] - Finished Spring Data repository scanning in 14 ms. Found 0 Redis repository interfaces.
2022-07-01 15:03:52,761 [main] INFO  [org.springframework.boot.web.embedded.tomcat.TomcatWebServer] - Tomcat initialized with port(s): 8888 (http)
2022-07-01 15:03:52,777 [main] INFO  [org.apache.coyote.http11.Http11NioProtocol] - Initializing ProtocolHandler ["http-nio-8888"]
2022-07-01 15:03:52,777 [main] INFO  [org.apache.catalina.core.StandardService] - Starting service [Tomcat]
2022-07-01 15:03:52,777 [main] INFO  [org.apache.catalina.core.StandardEngine] - Starting Servlet engine: [Apache Tomcat/9.0.53]
2022-07-01 15:03:52,964 [main] INFO  [org.apache.catalina.core.ContainerBase.[Tomcat].[localhost].[/]] - Initializing Spring embedded WebApplicationContext
2022-07-01 15:03:52,964 [main] INFO  [org.springframework.boot.web.servlet.context.ServletWebServerApplicationContext] - Root WebApplicationContext: initialization completed in 2316 ms
2022-07-01 15:03:53,434 [main] ERROR [com.alibaba.druid.filter.FilterManager] - load filter error, filter not found : spring-boot-starter-log4j2
2022-07-01 15:03:54,812 [main] INFO  [org.apache.coyote.http11.Http11NioProtocol] - Starting ProtocolHandler ["http-nio-8888"]
2022-07-01 15:03:54,827 [main] INFO  [org.springframework.boot.web.embedded.tomcat.TomcatWebServer] - Tomcat started on port(s): 8888 (http) with context path ''
2022-07-01 15:03:54,843 [main] INFO  [com.cyong.CyongBlog] - Started CyongBlog in 5.027 seconds (JVM running for 10.121)
2022-07-01 15:03:59,070 [http-nio-8888-exec-1] INFO  [org.apache.catalina.core.ContainerBase.[Tomcat].[localhost].[/]] - Initializing Spring DispatcherServlet 'dispatcherServlet'
2022-07-01 15:03:59,070 [http-nio-8888-exec-1] INFO  [org.springframework.web.servlet.DispatcherServlet] - Initializing Servlet 'dispatcherServlet'
2022-07-01 15:03:59,072 [http-nio-8888-exec-1] INFO  [org.springframework.web.servlet.DispatcherServlet] - Completed initialization in 2 ms
2022-07-01 15:03:59,810 [http-nio-8888-exec-1] INFO  [com.alibaba.druid.pool.DruidDataSource] - {dataSource-1} inited
2022-07-01 15:09:16,338 [http-nio-8888-exec-9] WARN  [com.alibaba.druid.pool.DruidAbstractDataSource] - discard long time none received connection. , jdbcUrl : jdbc:mysql://localhost:3306/cyongblog?serverTimezone=Asia/Shanghai&useUnicode=true&characterEncoding=utf-8, version : 1.2.5, lastPacketReceivedIdleMillis : 308249
2022-07-01 15:09:16,340 [http-nio-8888-exec-9] WARN  [com.alibaba.druid.pool.DruidAbstractDataSource] - discard long time none received connection. , jdbcUrl : jdbc:mysql://localhost:3306/cyongblog?serverTimezone=Asia/Shanghai&useUnicode=true&characterEncoding=utf-8, version : 1.2.5, lastPacketReceivedIdleMillis : 316548
2022-07-01 15:09:16,342 [http-nio-8888-exec-9] WARN  [com.alibaba.druid.pool.DruidAbstractDataSource] - discard long time none received connection. , jdbcUrl : jdbc:mysql://localhost:3306/cyongblog?serverTimezone=Asia/Shanghai&useUnicode=true&characterEncoding=utf-8, version : 1.2.5, lastPacketReceivedIdleMillis : 316554
2022-07-01 15:09:16,343 [http-nio-8888-exec-9] WARN  [com.alibaba.druid.pool.DruidAbstractDataSource] - discard long time none received connection. , jdbcUrl : jdbc:mysql://localhost:3306/cyongblog?serverTimezone=Asia/Shanghai&useUnicode=true&characterEncoding=utf-8, version : 1.2.5, lastPacketReceivedIdleMillis : 316562
2022-07-01 15:09:16,345 [http-nio-8888-exec-9] WARN  [com.alibaba.druid.pool.DruidAbstractDataSource] - discard long time none received connection. , jdbcUrl : jdbc:mysql://localhost:3306/cyongblog?serverTimezone=Asia/Shanghai&useUnicode=true&characterEncoding=utf-8, version : 1.2.5, lastPacketReceivedIdleMillis : 316580
2022-07-01 15:39:23,437 [http-nio-8888-exec-2] WARN  [com.alibaba.druid.pool.DruidAbstractDataSource] - discard long time none received connection. , jdbcUrl : jdbc:mysql://localhost:3306/cyongblog?serverTimezone=Asia/Shanghai&useUnicode=true&characterEncoding=utf-8, version : 1.2.5, lastPacketReceivedIdleMillis : 1346995
2022-07-01 15:44:51,109 [http-nio-8888-exec-9] WARN  [com.alibaba.druid.pool.DruidAbstractDataSource] - discard long time none received connection. , jdbcUrl : jdbc:mysql://localhost:3306/cyongblog?serverTimezone=Asia/Shanghai&useUnicode=true&characterEncoding=utf-8, version : 1.2.5, lastPacketReceivedIdleMillis : 294790
2022-07-01 15:54:32,927 [http-nio-8888-exec-6] WARN  [com.alibaba.druid.pool.DruidAbstractDataSource] - discard long time none received connection. , jdbcUrl : jdbc:mysql://localhost:3306/cyongblog?serverTimezone=Asia/Shanghai&useUnicode=true&characterEncoding=utf-8, version : 1.2.5, lastPacketReceivedIdleMillis : 573318
2022-07-01 15:57:23,817 [http-nio-8888-exec-10] WARN  [com.alibaba.druid.pool.DruidAbstractDataSource] - discard long time none received connection. , jdbcUrl : jdbc:mysql://localhost:3306/cyongblog?serverTimezone=Asia/Shanghai&useUnicode=true&characterEncoding=utf-8, version : 1.2.5, lastPacketReceivedIdleMillis : 161305
2022-07-01 16:16:19,485 [http-nio-8888-exec-9] WARN  [com.alibaba.druid.pool.DruidAbstractDataSource] - discard long time none received connection. , jdbcUrl : jdbc:mysql://localhost:3306/cyongblog?serverTimezone=Asia/Shanghai&useUnicode=true&characterEncoding=utf-8, version : 1.2.5, lastPacketReceivedIdleMillis : 1117179
2022-07-01 16:42:09,493 [http-nio-8888-exec-3] WARN  [com.alibaba.druid.pool.DruidAbstractDataSource] - discard long time none received connection. , jdbcUrl : jdbc:mysql://localhost:3306/cyongblog?serverTimezone=Asia/Shanghai&useUnicode=true&characterEncoding=utf-8, version : 1.2.5, lastPacketReceivedIdleMillis : 1528819
2022-07-01 17:35:01,611 [main] INFO  [com.cyong.CyongBlog] - Starting CyongBlog using Java 1.8.0_281 on DESKTOP-0DKFFPP with PID 14652 (E:\LabProject\CyongBlog\controller\target\classes started by 18074 in E:\LabProject\CyongBlog\controller)
2022-07-01 17:35:01,634 [main] INFO  [com.cyong.CyongBlog] - No active profile set, falling back to default profiles: default
2022-07-01 17:35:03,819 [main] INFO  [org.springframework.data.repository.config.RepositoryConfigurationDelegate] - Multiple Spring Data modules found, entering strict repository configuration mode!
2022-07-01 17:35:03,825 [main] INFO  [org.springframework.data.repository.config.RepositoryConfigurationDelegate] - Bootstrapping Spring Data Redis repositories in DEFAULT mode.
2022-07-01 17:35:03,889 [main] INFO  [org.springframework.data.repository.config.RepositoryConfigurationDelegate] - Finished Spring Data repository scanning in 23 ms. Found 0 Redis repository interfaces.
2022-07-01 17:35:04,813 [main] INFO  [org.springframework.boot.web.embedded.tomcat.TomcatWebServer] - Tomcat initialized with port(s): 8888 (http)
2022-07-01 17:35:04,829 [main] INFO  [org.apache.coyote.http11.Http11NioProtocol] - Initializing ProtocolHandler ["http-nio-8888"]
2022-07-01 17:35:04,830 [main] INFO  [org.apache.catalina.core.StandardService] - Starting service [Tomcat]
2022-07-01 17:35:04,830 [main] INFO  [org.apache.catalina.core.StandardEngine] - Starting Servlet engine: [Apache Tomcat/9.0.53]
2022-07-01 17:35:05,004 [main] INFO  [org.apache.catalina.core.ContainerBase.[Tomcat].[localhost].[/]] - Initializing Spring embedded WebApplicationContext
2022-07-01 17:35:05,004 [main] INFO  [org.springframework.boot.web.servlet.context.ServletWebServerApplicationContext] - Root WebApplicationContext: initialization completed in 3219 ms
2022-07-01 17:35:05,491 [main] ERROR [com.alibaba.druid.filter.FilterManager] - load filter error, filter not found : spring-boot-starter-log4j2
2022-07-01 17:35:07,609 [main] INFO  [org.apache.coyote.http11.Http11NioProtocol] - Starting ProtocolHandler ["http-nio-8888"]
2022-07-01 17:35:07,632 [main] INFO  [org.springframework.boot.web.embedded.tomcat.TomcatWebServer] - Tomcat started on port(s): 8888 (http) with context path ''
2022-07-01 17:35:07,644 [main] INFO  [com.cyong.CyongBlog] - Started CyongBlog in 7.205 seconds (JVM running for 13.045)
2022-07-01 17:39:33,907 [http-nio-8888-exec-2] INFO  [org.apache.catalina.core.ContainerBase.[Tomcat].[localhost].[/]] - Initializing Spring DispatcherServlet 'dispatcherServlet'
2022-07-01 17:39:33,909 [http-nio-8888-exec-2] INFO  [org.springframework.web.servlet.DispatcherServlet] - Initializing Servlet 'dispatcherServlet'
2022-07-01 17:39:33,913 [http-nio-8888-exec-2] INFO  [org.springframework.web.servlet.DispatcherServlet] - Completed initialization in 3 ms
2022-07-01 17:39:34,989 [http-nio-8888-exec-2] INFO  [com.alibaba.druid.pool.DruidDataSource] - {dataSource-1} inited
2022-07-01 17:44:04,513 [http-nio-8888-exec-5] WARN  [com.alibaba.druid.pool.DruidAbstractDataSource] - discard long time none received connection. , jdbcUrl : jdbc:mysql://localhost:3306/cyongblog?serverTimezone=Asia/Shanghai&useUnicode=true&characterEncoding=utf-8, version : 1.2.5, lastPacketReceivedIdleMillis : 268976
2022-07-01 17:44:04,520 [http-nio-8888-exec-5] WARN  [com.alibaba.druid.pool.DruidAbstractDataSource] - discard long time none received connection. , jdbcUrl : jdbc:mysql://localhost:3306/cyongblog?serverTimezone=Asia/Shanghai&useUnicode=true&characterEncoding=utf-8, version : 1.2.5, lastPacketReceivedIdleMillis : 269556
2022-07-01 17:44:04,522 [http-nio-8888-exec-5] WARN  [com.alibaba.druid.pool.DruidAbstractDataSource] - discard long time none received connection. , jdbcUrl : jdbc:mysql://localhost:3306/cyongblog?serverTimezone=Asia/Shanghai&useUnicode=true&characterEncoding=utf-8, version : 1.2.5, lastPacketReceivedIdleMillis : 269578
2022-07-01 17:44:04,524 [http-nio-8888-exec-5] WARN  [com.alibaba.druid.pool.DruidAbstractDataSource] - discard long time none received connection. , jdbcUrl : jdbc:mysql://localhost:3306/cyongblog?serverTimezone=Asia/Shanghai&useUnicode=true&characterEncoding=utf-8, version : 1.2.5, lastPacketReceivedIdleMillis : 269613
2022-07-01 17:44:04,526 [http-nio-8888-exec-5] WARN  [com.alibaba.druid.pool.DruidAbstractDataSource] - discard long time none received connection. , jdbcUrl : jdbc:mysql://localhost:3306/cyongblog?serverTimezone=Asia/Shanghai&useUnicode=true&characterEncoding=utf-8, version : 1.2.5, lastPacketReceivedIdleMillis : 269667
2022-07-01 17:47:31,402 [main] INFO  [com.cyong.CyongBlog] - Starting CyongBlog using Java 1.8.0_281 on DESKTOP-0DKFFPP with PID 15104 (E:\LabProject\CyongBlog\controller\target\classes started by 18074 in E:\LabProject\CyongBlog\controller)
2022-07-01 17:47:31,417 [main] INFO  [com.cyong.CyongBlog] - No active profile set, falling back to default profiles: default
2022-07-01 17:47:32,262 [main] INFO  [org.springframework.data.repository.config.RepositoryConfigurationDelegate] - Multiple Spring Data modules found, entering strict repository configuration mode!
2022-07-01 17:47:32,262 [main] INFO  [org.springframework.data.repository.config.RepositoryConfigurationDelegate] - Bootstrapping Spring Data Redis repositories in DEFAULT mode.
2022-07-01 17:47:32,293 [main] INFO  [org.springframework.data.repository.config.RepositoryConfigurationDelegate] - Finished Spring Data repository scanning in 11 ms. Found 0 Redis repository interfaces.
2022-07-01 17:47:32,952 [main] INFO  [org.springframework.boot.web.embedded.tomcat.TomcatWebServer] - Tomcat initialized with port(s): 8888 (http)
2022-07-01 17:47:32,967 [main] INFO  [org.apache.coyote.http11.Http11NioProtocol] - Initializing ProtocolHandler ["http-nio-8888"]
2022-07-01 17:47:32,967 [main] INFO  [org.apache.catalina.core.StandardService] - Starting service [Tomcat]
2022-07-01 17:47:32,967 [main] INFO  [org.apache.catalina.core.StandardEngine] - Starting Servlet engine: [Apache Tomcat/9.0.53]
2022-07-01 17:47:33,092 [main] INFO  [org.apache.catalina.core.ContainerBase.[Tomcat].[localhost].[/]] - Initializing Spring embedded WebApplicationContext
2022-07-01 17:47:33,092 [main] INFO  [org.springframework.boot.web.servlet.context.ServletWebServerApplicationContext] - Root WebApplicationContext: initialization completed in 1581 ms
2022-07-01 17:47:33,406 [main] ERROR [com.alibaba.druid.filter.FilterManager] - load filter error, filter not found : spring-boot-starter-log4j2
2022-07-01 17:47:34,582 [main] INFO  [org.apache.coyote.http11.Http11NioProtocol] - Starting ProtocolHandler ["http-nio-8888"]
2022-07-01 17:47:34,597 [main] INFO  [org.springframework.boot.web.embedded.tomcat.TomcatWebServer] - Tomcat started on port(s): 8888 (http) with context path ''
2022-07-01 17:47:34,613 [main] INFO  [com.cyong.CyongBlog] - Started CyongBlog in 4.175 seconds (JVM running for 7.082)
2022-07-01 17:48:45,178 [main] INFO  [com.cyong.CyongBlog] - Starting CyongBlog using Java 1.8.0_281 on DESKTOP-0DKFFPP with PID 14624 (E:\LabProject\CyongBlog\controller\target\classes started by 18074 in E:\LabProject\CyongBlog\controller)
2022-07-01 17:48:45,241 [main] INFO  [com.cyong.CyongBlog] - No active profile set, falling back to default profiles: default
2022-07-01 17:48:46,060 [main] INFO  [org.springframework.data.repository.config.RepositoryConfigurationDelegate] - Multiple Spring Data modules found, entering strict repository configuration mode!
2022-07-01 17:48:46,060 [main] INFO  [org.springframework.data.repository.config.RepositoryConfigurationDelegate] - Bootstrapping Spring Data Redis repositories in DEFAULT mode.
2022-07-01 17:48:46,091 [main] INFO  [org.springframework.data.repository.config.RepositoryConfigurationDelegate] - Finished Spring Data repository scanning in 12 ms. Found 0 Redis repository interfaces.
2022-07-01 17:48:46,701 [main] INFO  [org.springframework.boot.web.embedded.tomcat.TomcatWebServer] - Tomcat initialized with port(s): 8888 (http)
2022-07-01 17:48:46,717 [main] INFO  [org.apache.coyote.http11.Http11NioProtocol] - Initializing ProtocolHandler ["http-nio-8888"]
2022-07-01 17:48:46,717 [main] INFO  [org.apache.catalina.core.StandardService] - Starting service [Tomcat]
2022-07-01 17:48:46,717 [main] INFO  [org.apache.catalina.core.StandardEngine] - Starting Servlet engine: [Apache Tomcat/9.0.53]
2022-07-01 17:48:46,842 [main] INFO  [org.apache.catalina.core.ContainerBase.[Tomcat].[localhost].[/]] - Initializing Spring embedded WebApplicationContext
2022-07-01 17:48:46,842 [main] INFO  [org.springframework.boot.web.servlet.context.ServletWebServerApplicationContext] - Root WebApplicationContext: initialization completed in 1523 ms
2022-07-01 17:48:47,217 [main] ERROR [com.alibaba.druid.filter.FilterManager] - load filter error, filter not found : spring-boot-starter-log4j2
2022-07-01 17:48:48,775 [main] INFO  [org.apache.coyote.http11.Http11NioProtocol] - Starting ProtocolHandler ["http-nio-8888"]
2022-07-01 17:48:48,806 [main] INFO  [org.springframework.boot.web.embedded.tomcat.TomcatWebServer] - Tomcat started on port(s): 8888 (http) with context path ''
2022-07-01 17:48:48,806 [main] INFO  [com.cyong.CyongBlog] - Started CyongBlog in 4.292 seconds (JVM running for 7.185)
2022-07-01 17:49:20,077 [http-nio-8888-exec-2] INFO  [org.apache.catalina.core.ContainerBase.[Tomcat].[localhost].[/]] - Initializing Spring DispatcherServlet 'dispatcherServlet'
2022-07-01 17:49:20,078 [http-nio-8888-exec-2] INFO  [org.springframework.web.servlet.DispatcherServlet] - Initializing Servlet 'dispatcherServlet'
2022-07-01 17:49:20,079 [http-nio-8888-exec-2] INFO  [org.springframework.web.servlet.DispatcherServlet] - Completed initialization in 1 ms
2022-07-01 17:49:20,555 [http-nio-8888-exec-2] INFO  [com.alibaba.druid.pool.DruidDataSource] - {dataSource-1} inited
2022-07-01 17:58:24,227 [main] INFO  [com.cyong.CyongBlog] - Starting CyongBlog using Java 1.8.0_281 on DESKTOP-0DKFFPP with PID 14416 (E:\LabProject\CyongBlog\controller\target\classes started by 18074 in E:\LabProject\CyongBlog\controller)
2022-07-01 17:58:24,283 [main] INFO  [com.cyong.CyongBlog] - No active profile set, falling back to default profiles: default
2022-07-01 17:58:25,156 [main] INFO  [org.springframework.data.repository.config.RepositoryConfigurationDelegate] - Multiple Spring Data modules found, entering strict repository configuration mode!
2022-07-01 17:58:25,159 [main] INFO  [org.springframework.data.repository.config.RepositoryConfigurationDelegate] - Bootstrapping Spring Data Redis repositories in DEFAULT mode.
2022-07-01 17:58:25,191 [main] INFO  [org.springframework.data.repository.config.RepositoryConfigurationDelegate] - Finished Spring Data repository scanning in 14 ms. Found 0 Redis repository interfaces.
2022-07-01 17:58:25,910 [main] INFO  [org.springframework.boot.web.embedded.tomcat.TomcatWebServer] - Tomcat initialized with port(s): 8888 (http)
2022-07-01 17:58:25,923 [main] INFO  [org.apache.coyote.http11.Http11NioProtocol] - Initializing ProtocolHandler ["http-nio-8888"]
2022-07-01 17:58:25,924 [main] INFO  [org.apache.catalina.core.StandardService] - Starting service [Tomcat]
2022-07-01 17:58:25,925 [main] INFO  [org.apache.catalina.core.StandardEngine] - Starting Servlet engine: [Apache Tomcat/9.0.53]
2022-07-01 17:58:26,068 [main] INFO  [org.apache.catalina.core.ContainerBase.[Tomcat].[localhost].[/]] - Initializing Spring embedded WebApplicationContext
2022-07-01 17:58:26,068 [main] INFO  [org.springframework.boot.web.servlet.context.ServletWebServerApplicationContext] - Root WebApplicationContext: initialization completed in 1724 ms
2022-07-01 17:58:26,442 [main] ERROR [com.alibaba.druid.filter.FilterManager] - load filter error, filter not found : spring-boot-starter-log4j2
2022-07-01 17:58:27,718 [main] INFO  [org.apache.coyote.http11.Http11NioProtocol] - Starting ProtocolHandler ["http-nio-8888"]
2022-07-01 17:58:27,739 [main] INFO  [org.springframework.boot.web.embedded.tomcat.TomcatWebServer] - Tomcat started on port(s): 8888 (http) with context path ''
2022-07-01 17:58:27,750 [main] INFO  [com.cyong.CyongBlog] - Started CyongBlog in 4.382 seconds (JVM running for 8.236)
2022-07-01 17:58:41,280 [http-nio-8888-exec-2] INFO  [org.apache.catalina.core.ContainerBase.[Tomcat].[localhost].[/]] - Initializing Spring DispatcherServlet 'dispatcherServlet'
2022-07-01 17:58:41,281 [http-nio-8888-exec-2] INFO  [org.springframework.web.servlet.DispatcherServlet] - Initializing Servlet 'dispatcherServlet'
2022-07-01 17:58:41,284 [http-nio-8888-exec-2] INFO  [org.springframework.web.servlet.DispatcherServlet] - Completed initialization in 3 ms
2022-07-01 17:58:42,321 [http-nio-8888-exec-2] INFO  [com.alibaba.druid.pool.DruidDataSource] - {dataSource-1} inited
2022-07-01 18:00:02,707 [http-nio-8888-exec-5] WARN  [com.alibaba.druid.pool.DruidAbstractDataSource] - discard long time none received connection. , jdbcUrl : jdbc:mysql://localhost:3306/cyongblog?serverTimezone=Asia/Shanghai&useUnicode=true&characterEncoding=utf-8, version : 1.2.5, lastPacketReceivedIdleMillis : 79885
2022-07-01 18:00:02,716 [http-nio-8888-exec-5] WARN  [com.alibaba.druid.pool.DruidAbstractDataSource] - discard long time none received connection. , jdbcUrl : jdbc:mysql://localhost:3306/cyongblog?serverTimezone=Asia/Shanghai&useUnicode=true&characterEncoding=utf-8, version : 1.2.5, lastPacketReceivedIdleMillis : 80414
2022-07-01 18:01:55,957 [http-nio-8888-exec-8] WARN  [com.alibaba.druid.pool.DruidAbstractDataSource] - discard long time none received connection. , jdbcUrl : jdbc:mysql://localhost:3306/cyongblog?serverTimezone=Asia/Shanghai&useUnicode=true&characterEncoding=utf-8, version : 1.2.5, lastPacketReceivedIdleMillis : 113228
2022-07-01 18:01:55,957 [http-nio-8888-exec-8] WARN  [com.alibaba.druid.pool.DruidAbstractDataSource] - discard long time none received connection. , jdbcUrl : jdbc:mysql://localhost:3306/cyongblog?serverTimezone=Asia/Shanghai&useUnicode=true&characterEncoding=utf-8, version : 1.2.5, lastPacketReceivedIdleMillis : 113234
2022-07-01 18:01:55,957 [http-nio-8888-exec-8] WARN  [com.alibaba.druid.pool.DruidAbstractDataSource] - discard long time none received connection. , jdbcUrl : jdbc:mysql://localhost:3306/cyongblog?serverTimezone=Asia/Shanghai&useUnicode=true&characterEncoding=utf-8, version : 1.2.5, lastPacketReceivedIdleMillis : 193662
2022-07-01 18:01:55,957 [http-nio-8888-exec-8] WARN  [com.alibaba.druid.pool.DruidAbstractDataSource] - discard long time none received connection. , jdbcUrl : jdbc:mysql://localhost:3306/cyongblog?serverTimezone=Asia/Shanghai&useUnicode=true&characterEncoding=utf-8, version : 1.2.5, lastPacketReceivedIdleMillis : 193673
2022-07-01 18:01:55,973 [http-nio-8888-exec-8] WARN  [com.alibaba.druid.pool.DruidAbstractDataSource] - discard long time none received connection. , jdbcUrl : jdbc:mysql://localhost:3306/cyongblog?serverTimezone=Asia/Shanghai&useUnicode=true&characterEncoding=utf-8, version : 1.2.5, lastPacketReceivedIdleMillis : 193714
2022-07-01 18:04:48,797 [main] INFO  [com.cyong.CyongBlog] - Starting CyongBlog using Java 1.8.0_281 on DESKTOP-0DKFFPP with PID 15160 (E:\LabProject\CyongBlog\controller\target\classes started by 18074 in E:\LabProject\CyongBlog\controller)
2022-07-01 18:04:48,866 [main] INFO  [com.cyong.CyongBlog] - No active profile set, falling back to default profiles: default
2022-07-01 18:04:49,684 [main] INFO  [org.springframework.data.repository.config.RepositoryConfigurationDelegate] - Multiple Spring Data modules found, entering strict repository configuration mode!
2022-07-01 18:04:49,684 [main] INFO  [org.springframework.data.repository.config.RepositoryConfigurationDelegate] - Bootstrapping Spring Data Redis repositories in DEFAULT mode.
2022-07-01 18:04:49,730 [main] INFO  [org.springframework.data.repository.config.RepositoryConfigurationDelegate] - Finished Spring Data repository scanning in 17 ms. Found 0 Redis repository interfaces.
2022-07-01 18:04:50,994 [main] INFO  [org.springframework.boot.web.embedded.tomcat.TomcatWebServer] - Tomcat initialized with port(s): 8888 (http)
2022-07-01 18:04:51,025 [main] INFO  [org.apache.coyote.http11.Http11NioProtocol] - Initializing ProtocolHandler ["http-nio-8888"]
2022-07-01 18:04:51,026 [main] INFO  [org.apache.catalina.core.StandardService] - Starting service [Tomcat]
2022-07-01 18:04:51,026 [main] INFO  [org.apache.catalina.core.StandardEngine] - Starting Servlet engine: [Apache Tomcat/9.0.53]
2022-07-01 18:04:51,384 [main] INFO  [org.apache.catalina.core.ContainerBase.[Tomcat].[localhost].[/]] - Initializing Spring embedded WebApplicationContext
2022-07-01 18:04:51,385 [main] INFO  [org.springframework.boot.web.servlet.context.ServletWebServerApplicationContext] - Root WebApplicationContext: initialization completed in 2472 ms
2022-07-01 18:04:51,968 [main] ERROR [com.alibaba.druid.filter.FilterManager] - load filter error, filter not found : spring-boot-starter-log4j2
2022-07-01 18:04:54,048 [main] INFO  [org.apache.coyote.http11.Http11NioProtocol] - Starting ProtocolHandler ["http-nio-8888"]
2022-07-01 18:04:54,063 [main] INFO  [org.springframework.boot.web.embedded.tomcat.TomcatWebServer] - Tomcat started on port(s): 8888 (http) with context path ''
2022-07-01 18:04:54,085 [main] INFO  [com.cyong.CyongBlog] - Started CyongBlog in 6.196 seconds (JVM running for 10.451)
2022-07-01 20:39:25,780 [http-nio-8888-exec-2] INFO  [org.apache.catalina.core.ContainerBase.[Tomcat].[localhost].[/]] - Initializing Spring DispatcherServlet 'dispatcherServlet'
2022-07-01 20:39:25,800 [http-nio-8888-exec-2] INFO  [org.springframework.web.servlet.DispatcherServlet] - Initializing Servlet 'dispatcherServlet'
2022-07-01 20:39:25,953 [http-nio-8888-exec-2] INFO  [org.springframework.web.servlet.DispatcherServlet] - Completed initialization in 152 ms
2022-07-01 20:39:27,400 [http-nio-8888-exec-2] INFO  [com.alibaba.druid.pool.DruidDataSource] - {dataSource-1} inited
2022-07-01 21:02:44,756 [http-nio-8888-exec-4] WARN  [com.alibaba.druid.pool.DruidAbstractDataSource] - discard long time none received connection. , jdbcUrl : jdbc:mysql://localhost:3306/cyongblog?serverTimezone=Asia/Shanghai&useUnicode=true&characterEncoding=utf-8, version : 1.2.5, lastPacketReceivedIdleMillis : 1395065
2022-07-01 21:02:44,758 [http-nio-8888-exec-4] WARN  [com.alibaba.druid.pool.DruidAbstractDataSource] - discard long time none received connection. , jdbcUrl : jdbc:mysql://localhost:3306/cyongblog?serverTimezone=Asia/Shanghai&useUnicode=true&characterEncoding=utf-8, version : 1.2.5, lastPacketReceivedIdleMillis : 1397378
2022-07-01 21:02:44,761 [http-nio-8888-exec-4] WARN  [com.alibaba.druid.pool.DruidAbstractDataSource] - discard long time none received connection. , jdbcUrl : jdbc:mysql://localhost:3306/cyongblog?serverTimezone=Asia/Shanghai&useUnicode=true&characterEncoding=utf-8, version : 1.2.5, lastPacketReceivedIdleMillis : 1397387
2022-07-01 21:02:44,766 [http-nio-8888-exec-4] WARN  [com.alibaba.druid.pool.DruidAbstractDataSource] - discard long time none received connection. , jdbcUrl : jdbc:mysql://localhost:3306/cyongblog?serverTimezone=Asia/Shanghai&useUnicode=true&characterEncoding=utf-8, version : 1.2.5, lastPacketReceivedIdleMillis : 1397402
2022-07-01 21:02:44,772 [http-nio-8888-exec-4] WARN  [com.alibaba.druid.pool.DruidAbstractDataSource] - discard long time none received connection. , jdbcUrl : jdbc:mysql://localhost:3306/cyongblog?serverTimezone=Asia/Shanghai&useUnicode=true&characterEncoding=utf-8, version : 1.2.5, lastPacketReceivedIdleMillis : 1397431
2022-07-01 21:06:27,787 [http-nio-8888-exec-8] WARN  [com.alibaba.druid.pool.DruidAbstractDataSource] - discard long time none received connection. , jdbcUrl : jdbc:mysql://localhost:3306/cyongblog?serverTimezone=Asia/Shanghai&useUnicode=true&characterEncoding=utf-8, version : 1.2.5, lastPacketReceivedIdleMillis : 215629
2022-07-01 21:07:28,101 [http-nio-8888-exec-9] WARN  [com.alibaba.druid.pool.DruidAbstractDataSource] - discard long time none received connection. , jdbcUrl : jdbc:mysql://localhost:3306/cyongblog?serverTimezone=Asia/Shanghai&useUnicode=true&characterEncoding=utf-8, version : 1.2.5, lastPacketReceivedIdleMillis : 60279
2022-07-01 21:12:16,603 [http-nio-8888-exec-1] WARN  [com.alibaba.druid.pool.DruidAbstractDataSource] - discard long time none received connection. , jdbcUrl : jdbc:mysql://localhost:3306/cyongblog?serverTimezone=Asia/Shanghai&useUnicode=true&characterEncoding=utf-8, version : 1.2.5, lastPacketReceivedIdleMillis : 68102
